Logfile initialized
[INFO] logfile = /Users/ikedaminako/Documents/Titanium_Studio_Workspace/fuk_app/build.log
[DEBUG] /Users/ikedaminako/Library/Application Support/Titanium/mobilesdk/osx/2.1.3.GA/android/builder.py install fuk_app /Users/ikedaminako/AndroidSDK /Users/ikedaminako/Documents/Titanium_Studio_Workspace/fuk_app net.tokageworks.www.fuk_app 4
[INFO] Titanium SDK version: 2.1.3 (10/02/12 16:16 15997d0)
[DEBUG] Waiting for device to be ready ...
[TRACE] adb devices returned 1 devices/emulators
[DEBUG] Device connected... (waited 0 seconds)
[DEBUG] waited 0.020847 seconds on emulator to get ready
[DEBUG] net.tokageworks.www.fuk_app installed? False
[INFO] Copying CommonJS modules...
[INFO] Copying project resources..
[TRACE] COPYING MODIFIED FILE: /Users/ikedaminako/Documents/Titanium_Studio_Workspace/fuk_app/Resources/table.js => /Users/ikedaminako/Documents/Titanium_Studio_Workspace/fuk_app/build/android/bin/assets/Resources/table.js
[TRACE] COPYING MODIFIED FILE: /Users/ikedaminako/Documents/Titanium_Studio_Workspace/fuk_app/Resources/testdb.json => /Users/ikedaminako/Documents/Titanium_Studio_Workspace/fuk_app/build/android/bin/assets/Resources/testdb.json
[TRACE] Generating Java Classes
[DEBUG] Processing Android resource drawables
[DEBUG] found special platform files dir = /Users/ikedaminako/Documents/Titanium_Studio_Workspace/fuk_app/platform/android
[INFO] Copying platform-specific files ...
[DEBUG] copying app icon: /Users/ikedaminako/Documents/Titanium_Studio_Workspace/fuk_app/build/android/bin/assets/Resources/appicon.png
[DEBUG] generating theme.xml
[DEBUG] found drawable-long-land-hdpi splash screen at /Users/ikedaminako/Documents/Titanium_Studio_Workspace/fuk_app/Resources/android/images/res-long-land-hdpi/default.png
[DEBUG] copying /Users/ikedaminako/Documents/Titanium_Studio_Workspace/fuk_app/Resources/android/images/res-long-land-hdpi/default.png splash screen to /Users/ikedaminako/Documents/Titanium_Studio_Workspace/fuk_app/build/android/res/drawable-long-land-hdpi/background.png
[DEBUG] found drawable-long-land-ldpi splash screen at /Users/ikedaminako/Documents/Titanium_Studio_Workspace/fuk_app/Resources/android/images/res-long-land-ldpi/default.png
[DEBUG] copying /Users/ikedaminako/Documents/Titanium_Studio_Workspace/fuk_app/Resources/android/images/res-long-land-ldpi/default.png splash screen to /Users/ikedaminako/Documents/Titanium_Studio_Workspace/fuk_app/build/android/res/drawable-long-land-ldpi/background.png
[DEBUG] found drawable-long-port-hdpi splash screen at /Users/ikedaminako/Documents/Titanium_Studio_Workspace/fuk_app/Resources/android/images/res-long-port-hdpi/default.png
[DEBUG] copying /Users/ikedaminako/Documents/Titanium_Studio_Workspace/fuk_app/Resources/android/images/res-long-port-hdpi/default.png splash screen to /Users/ikedaminako/Documents/Titanium_Studio_Workspace/fuk_app/build/android/res/drawable-long-port-hdpi/background.png
[DEBUG] found drawable-long-port-ldpi splash screen at /Users/ikedaminako/Documents/Titanium_Studio_Workspace/fuk_app/Resources/android/images/res-long-port-ldpi/default.png
[DEBUG] copying /Users/ikedaminako/Documents/Titanium_Studio_Workspace/fuk_app/Resources/android/images/res-long-port-ldpi/default.png splash screen to /Users/ikedaminako/Documents/Titanium_Studio_Workspace/fuk_app/build/android/res/drawable-long-port-ldpi/background.png
[DEBUG] found drawable-notlong-land-hdpi splash screen at /Users/ikedaminako/Documents/Titanium_Studio_Workspace/fuk_app/Resources/android/images/res-notlong-land-hdpi/default.png
[DEBUG] copying /Users/ikedaminako/Documents/Titanium_Studio_Workspace/fuk_app/Resources/android/images/res-notlong-land-hdpi/default.png splash screen to /Users/ikedaminako/Documents/Titanium_Studio_Workspace/fuk_app/build/android/res/drawable-notlong-land-hdpi/background.png
[DEBUG] found drawable-notlong-land-ldpi splash screen at /Users/ikedaminako/Documents/Titanium_Studio_Workspace/fuk_app/Resources/android/images/res-notlong-land-ldpi/default.png
[DEBUG] copying /Users/ikedaminako/Documents/Titanium_Studio_Workspace/fuk_app/Resources/android/images/res-notlong-land-ldpi/default.png splash screen to /Users/ikedaminako/Documents/Titanium_Studio_Workspace/fuk_app/build/android/res/drawable-notlong-land-ldpi/background.png
[DEBUG] found drawable-notlong-land-mdpi splash screen at /Users/ikedaminako/Documents/Titanium_Studio_Workspace/fuk_app/Resources/android/images/res-notlong-land-mdpi/default.png
[DEBUG] copying /Users/ikedaminako/Documents/Titanium_Studio_Workspace/fuk_app/Resources/android/images/res-notlong-land-mdpi/default.png splash screen to /Users/ikedaminako/Documents/Titanium_Studio_Workspace/fuk_app/build/android/res/drawable-notlong-land-mdpi/background.png
[DEBUG] found drawable-notlong-port-hdpi splash screen at /Users/ikedaminako/Documents/Titanium_Studio_Workspace/fuk_app/Resources/android/images/res-notlong-port-hdpi/default.png
[DEBUG] copying /Users/ikedaminako/Documents/Titanium_Studio_Workspace/fuk_app/Resources/android/images/res-notlong-port-hdpi/default.png splash screen to /Users/ikedaminako/Documents/Titanium_Studio_Workspace/fuk_app/build/android/res/drawable-notlong-port-hdpi/background.png
[DEBUG] found drawable-notlong-port-ldpi splash screen at /Users/ikedaminako/Documents/Titanium_Studio_Workspace/fuk_app/Resources/android/images/res-notlong-port-ldpi/default.png
[DEBUG] copying /Users/ikedaminako/Documents/Titanium_Studio_Workspace/fuk_app/Resources/android/images/res-notlong-port-ldpi/default.png splash screen to /Users/ikedaminako/Documents/Titanium_Studio_Workspace/fuk_app/build/android/res/drawable-notlong-port-ldpi/background.png
[DEBUG] found drawable-notlong-port-mdpi splash screen at /Users/ikedaminako/Documents/Titanium_Studio_Workspace/fuk_app/Resources/android/images/res-notlong-port-mdpi/default.png
[DEBUG] copying /Users/ikedaminako/Documents/Titanium_Studio_Workspace/fuk_app/Resources/android/images/res-notlong-port-mdpi/default.png splash screen to /Users/ikedaminako/Documents/Titanium_Studio_Workspace/fuk_app/build/android/res/drawable-notlong-port-mdpi/background.png
[DEBUG] found splash screen at /Users/ikedaminako/Documents/Titanium_Studio_Workspace/fuk_app/build/android/bin/assets/Resources/default.png
[TRACE] Writing out AndroidManifest.xml
[DEBUG] adding /Users/ikedaminako/Documents/Titanium_Studio_Workspace/fuk_app/build/android/gen/net/tokageworks/www/fuk_app/Fuk_appActivity.java to javac build list
[DEBUG] adding /Users/ikedaminako/Documents/Titanium_Studio_Workspace/fuk_app/build/android/gen/net/tokageworks/www/fuk_app/Fuk_appAppInfo.java to javac build list
[DEBUG] adding /Users/ikedaminako/Documents/Titanium_Studio_Workspace/fuk_app/build/android/gen/net/tokageworks/www/fuk_app/Fuk_appApplication.java to javac build list
[DEBUG] adding /Users/ikedaminako/Documents/Titanium_Studio_Workspace/fuk_app/build/android/gen/net/tokageworks/www/fuk_app/R.java to javac build list
[DEBUG] Building Java Sources: "/Users/ikedaminako/Documents/Titanium_Studio_Workspace/fuk_app/build/android/gen/net/tokageworks/www/fuk_app/Fuk_appActivity.java" "/Users/ikedaminako/Documents/Titanium_Studio_Workspace/fuk_app/build/android/gen/net/tokageworks/www/fuk_app/Fuk_appAppInfo.java" "/Users/ikedaminako/Documents/Titanium_Studio_Workspace/fuk_app/build/android/gen/net/tokageworks/www/fuk_app/Fuk_appApplication.java" "/Users/ikedaminako/Documents/Titanium_Studio_Workspace/fuk_app/build/android/gen/net/tokageworks/www/fuk_app/R.java"
[INFO] Compiling Android Resources... This could take some time
[DEBUG] Android classes.dex built
[DEBUG] creating unsigned apk: /Users/ikedaminako/Documents/Titanium_Studio_Workspace/fuk_app/build/android/bin/app-unsigned.apk
[DEBUG] from resource zip => assets/Resources/first/how2play.js
[DEBUG] from resource zip => assets/Resources/first/settei.js
[DEBUG] from resource zip => assets/Resources/images/btnAddress.png
[DEBUG] from resource zip => assets/Resources/images/btnAsobikata.png
[DEBUG] from resource zip => assets/Resources/images/btnHint1.png
[DEBUG] from resource zip => assets/Resources/images/btnHint2.png
[DEBUG] from resource zip => assets/Resources/images/btnHint3.png
[DEBUG] from resource zip => assets/Resources/images/btnInfo.png
[DEBUG] from resource zip => assets/Resources/images/btnName.png
[DEBUG] from resource zip => assets/Resources/images/btnPhone.png
[DEBUG] from resource zip => assets/Resources/images/btnSagasu.png
[DEBUG] from resource zip => assets/Resources/images/btnSettei.png
[DEBUG] from resource zip => assets/Resources/images/btnTsuita.png
[DEBUG] from resource zip => assets/Resources/images/btnWeb.png
[DEBUG] from resource zip => assets/Resources/images/how2play.png
[DEBUG] from resource zip => assets/Resources/images/yazirushi.png
[DEBUG] from resource zip => assets/Resources/ui/ui_zoomIn.gif
[DEBUG] from resource zip => assets/Resources/ui/ui_zoomOut.gif
[DEBUG] from resource zip => assets/Resources/KS_nav_ui.png
[DEBUG] from resource zip => assets/Resources/KS_nav_views.png
[DEBUG] from resource zip => assets/Resources/app.js
[DEBUG] from resource zip => assets/Resources/appicon.png
[DEBUG] from resource zip => assets/Resources/default.png
[DEBUG] from resource zip => assets/Resources/find.js
[DEBUG] from resource zip => assets/Resources/first.js
[DEBUG] from resource zip => assets/Resources/spotwin.js
[DEBUG] from resource zip => assets/Resources/table.js
[DEBUG] from resource zip => assets/Resources/testdb.json
[DEBUG] from resource zip => assets/Resources/ti.cloud.js
[DEBUG] from resource zip => assets/app.json
[DEBUG] from resource zip => assets/index.json
[DEBUG] from resource zip => assets/tiapp.xml
[DEBUG] from resource zip => res/drawable/appicon.png
[DEBUG] from resource zip => res/drawable/background.png
[DEBUG] from resource zip => res/layout/titanium_tabgroup.xml
[DEBUG] from resource zip => AndroidManifest.xml
[DEBUG] from resource zip => resources.arsc
[DEBUG] from resource zip => res/drawable-long-land-hdpi/background.png
[DEBUG] from resource zip => res/drawable-long-land-ldpi/background.png
[DEBUG] from resource zip => res/drawable-long-port-hdpi/background.png
[DEBUG] from resource zip => res/drawable-long-port-ldpi/background.png
[DEBUG] from resource zip => res/drawable-notlong-land-hdpi/background.png
[DEBUG] from resource zip => res/drawable-notlong-land-ldpi/background.png
[DEBUG] from resource zip => res/drawable-notlong-land-mdpi/background.png
[DEBUG] from resource zip => res/drawable-notlong-port-hdpi/background.png
[DEBUG] from resource zip => res/drawable-notlong-port-ldpi/background.png
[DEBUG] from resource zip => res/drawable-notlong-port-mdpi/background.png
[DEBUG] from JAR /Users/ikedaminako/Library/Application Support/Titanium/mobilesdk/osx/2.1.3.GA/android/modules/titanium-ui.jar => ti/modules/titanium/ui/widget/webview/binding.js
[DEBUG] from JAR /Users/ikedaminako/Library/Application Support/Titanium/mobilesdk/osx/2.1.3.GA/android/modules/titanium-ui.jar => ti/modules/titanium/ui/widget/webview/binding.min.js
[DEBUG] from JAR /Users/ikedaminako/Library/Application Support/Titanium/mobilesdk/osx/2.1.3.GA/android/modules/titanium-ui.jar => ti/modules/titanium/ui/widget/webview/json2.js
[DEBUG] from JAR /Users/ikedaminako/Library/Application Support/Titanium/mobilesdk/osx/2.1.3.GA/android/modules/titanium-ui.jar => ti/modules/titanium/ui/widget/webview/polling.js
[DEBUG] from JAR /Users/ikedaminako/Library/Application Support/Titanium/mobilesdk/osx/2.1.3.GA/android/modules/titanium-ui.jar => ti/modules/titanium/ui/widget/webview/polling.min.js
[DEBUG] from JAR /Users/ikedaminako/Library/Application Support/Titanium/mobilesdk/osx/2.1.3.GA/android/thirdparty.jar => org/apache/Commons-NOTICE.txt
[DEBUG] from JAR /Users/ikedaminako/Library/Application Support/Titanium/mobilesdk/osx/2.1.3.GA/android/thirdparty.jar => org/apache/HttpComponents-NOTICE.txt
[DEBUG] from JAR /Users/ikedaminako/Library/Application Support/Titanium/mobilesdk/osx/2.1.3.GA/android/thirdparty.jar => org/apache/mime4j-NOTICE.txt
[DEBUG] from JAR /Users/ikedaminako/Library/Application Support/Titanium/mobilesdk/osx/2.1.3.GA/android/titanium.jar => org/appcelerator/titanium/build.properties
[DEBUG] from JAR /Users/ikedaminako/Library/Application Support/Titanium/mobilesdk/osx/2.1.3.GA/android/titanium.jar => org/appcelerator/titanium/res/drawable/background.png
[DEBUG] from JAR /Users/ikedaminako/Library/Application Support/Titanium/mobilesdk/osx/2.1.3.GA/android/titanium.jar => org/appcelerator/titanium/res/drawable/btn_check_buttonless_on.png
[DEBUG] from JAR /Users/ikedaminako/Library/Application Support/Titanium/mobilesdk/osx/2.1.3.GA/android/titanium.jar => org/appcelerator/titanium/res/drawable/btn_check_buttonless_on_18.png
[DEBUG] from JAR /Users/ikedaminako/Library/Application Support/Titanium/mobilesdk/osx/2.1.3.GA/android/titanium.jar => org/appcelerator/titanium/res/drawable/btn_check_buttonless_on_48.png
[DEBUG] from JAR /Users/ikedaminako/Library/Application Support/Titanium/mobilesdk/osx/2.1.3.GA/android/titanium.jar => org/appcelerator/titanium/res/drawable/btn_more.png
[DEBUG] from JAR /Users/ikedaminako/Library/Application Support/Titanium/mobilesdk/osx/2.1.3.GA/android/titanium.jar => org/appcelerator/titanium/res/drawable/btn_more_18.png
[DEBUG] from JAR /Users/ikedaminako/Library/Application Support/Titanium/mobilesdk/osx/2.1.3.GA/android/titanium.jar => org/appcelerator/titanium/res/drawable/btn_more_48.png
[DEBUG] from JAR /Users/ikedaminako/Library/Application Support/Titanium/mobilesdk/osx/2.1.3.GA/android/titanium.jar => org/appcelerator/titanium/res/drawable/btn_picker_normal.9.png
[DEBUG] from JAR /Users/ikedaminako/Library/Application Support/Titanium/mobilesdk/osx/2.1.3.GA/android/titanium.jar => org/appcelerator/titanium/res/drawable/btn_picker_pressed.9.png
[DEBUG] from JAR /Users/ikedaminako/Library/Application Support/Titanium/mobilesdk/osx/2.1.3.GA/android/titanium.jar => org/appcelerator/titanium/res/drawable/btn_picker_selected.9.png
[DEBUG] from JAR /Users/ikedaminako/Library/Application Support/Titanium/mobilesdk/osx/2.1.3.GA/android/titanium.jar => org/appcelerator/titanium/res/drawable/default_icon.png
[DEBUG] from JAR /Users/ikedaminako/Library/Application Support/Titanium/mobilesdk/osx/2.1.3.GA/android/titanium.jar => org/appcelerator/titanium/res/drawable/photoDefault.png
[DEBUG] installing native SDK libs
[DEBUG] Waiting for device to be ready ...
[TRACE] adb devices returned 1 devices/emulators
[DEBUG] Device connected... (waited 0 seconds)
[DEBUG] waited 0.020055 seconds on emulator to get ready
[INFO] Installing application on device
[INFO] Application installed. Launch from drawer on Home Screen
